# JRE version: OpenJDK Runtime Environment (17.0.2+8) (build 17.0.2+8-86)
# Java VM: OpenJDK 64-Bit Server VM (17.0.2+8-86, mixed mode, sharing, tiered, compressed oops, compressed class ptrs, g1 gc, windows-amd64)
GC Precious Log:
 CPUs: 4 total, 4 available
 Memory: 8029M
 Large Page Support: Disabled
 NUMA Support: Disabled
 Compressed Oops: Enabled (32-bit)
 Heap Region Size: 1M
 Heap Min Capacity: 8M
 Heap Initial Capacity: 126M
 Heap Max Capacity: 2G
 Pre-touch: Disabled
 Parallel Workers: 4
 Concurrent Workers: 1
 Concurrent Refinement Workers: 4
 Periodic GC: Disabled
Heap:
 garbage-first heap   total 466944K, used 365988K [0x0000000080000000, 0x0000000100000000)
  region size 1024K, 219 young (224256K), 24 survivors (24576K)
 Metaspace       used 58015K, committed 58560K, reserved 1105920K
  class space    used 7541K, committed 7744K, reserved 1048576K
GC Heap History (20 events):
Event: 34.448 GC heap before
{Heap before GC invocations=83 (full 0):
 garbage-first heap   total 466944K, used 399780K [0x0000000080000000, 0x0000000100000000)
  region size 1024K, 269 young (275456K), 22 survivors (22528K)
 Metaspace       used 40480K, committed 40960K, reserved 1089536K
  class space    used 5573K, committed 5824K, reserved 1048576K
}
Event: 34.470 GC heap after
{Heap after GC invocations=84 (full 0):
 garbage-first heap   total 466944K, used 146255K [0x0000000080000000, 0x0000000100000000)
  region size 1024K, 20 young (20480K), 20 survivors (20480K)
 Metaspace       used 40480K, committed 40960K, reserved 1089536K
  class space    used 5573K, committed 5824K, reserved 1048576K
}
Event: 37.377 GC heap before
{Heap before GC invocations=84 (full 0):
 garbage-first heap   total 466944K, used 410447K [0x0000000080000000, 0x0000000100000000)
  region size 1024K, 266 young (272384K), 20 survivors (20480K)
 Metaspace       used 40496K, committed 40960K, reserved 1089536K
  class space    used 5573K, committed 5824K, reserved 1048576K
}
Event: 37.385 GC heap after
{Heap after GC invocations=85 (full 0):
 garbage-first heap   total 466944K, used 122880K [0x0000000080000000, 0x0000000100000000)
  region size 1024K, 6 young (6144K), 6 survivors (6144K)
 Metaspace       used 40496K, committed 40960K, reserved 1089536K
  class space    used 5573K, committed 5824K, reserved 1048576K
}
Event: 38.175 GC heap before
{Heap before GC invocations=85 (full 0):
 garbage-first heap   total 466944K, used 399360K [0x0000000080000000, 0x0000000100000000)
  region size 1024K, 273 young (279552K), 6 survivors (6144K)
 Metaspace       used 40505K, committed 40960K, reserved 1089536K
  class space    used 5573K, committed 5824K, reserved 1048576K
}
Event: 38.180 GC heap after
{Heap after GC invocations=86 (full 0):
 garbage-first heap   total 466944K, used 122726K [0x0000000080000000, 0x0000000100000000)
  region size 1024K, 6 young (6144K), 6 survivors (6144K)
 Metaspace       used 40505K, committed 40960K, reserved 1089536K
  class space    used 5573K, committed 5824K, reserved 1048576K
}
Event: 38.858 GC heap before
{Heap before GC invocations=86 (full 0):
 garbage-first heap   total 466944K, used 410470K [0x0000000080000000, 0x0000000100000000)
  region size 1024K, 273 young (279552K), 6 survivors (6144K)
 Metaspace       used 40507K, committed 40960K, reserved 1089536K
  class space    used 5573K, committed 5824K, reserved 1048576K
}
Event: 38.864 GC heap after
{Heap after GC invocations=87 (full 0):
 garbage-first heap   total 466944K, used 132996K [0x0000000080000000, 0x0000000100000000)
  region size 1024K, 5 young (5120K), 5 survivors (5120K)
 Metaspace       used 40507K, committed 40960K, reserved 1089536K
  class space    used 5573K, committed 5824K, reserved 1048576K
}
Event: 39.356 GC heap before
{Heap before GC invocations=87 (full 0):
 garbage-first heap   total 466944K, used 407428K [0x0000000080000000, 0x0000000100000000)
  region size 1024K, 273 young (279552K), 5 survivors (5120K)
 Metaspace       used 40507K, committed 40960K, reserved 1089536K
  class space    used 5573K, committed 5824K, reserved 1048576K
}
Event: 39.364 GC heap after
{Heap after GC invocations=88 (full 0):
 garbage-first heap   total 466944K, used 136660K [0x0000000080000000, 0x0000000100000000)
  region size 1024K, 9 young (9216K), 9 survivors (9216K)
 Metaspace       used 40507K, committed 40960K, reserved 1089536K
  class space    used 5573K, committed 5824K, reserved 1048576K
}
Event: 39.830 GC heap before
{Heap before GC invocations=88 (full 0):
 garbage-first heap   total 466944K, used 406996K [0x0000000080000000, 0x0000000100000000)
  region size 1024K, 273 young (279552K), 9 survivors (9216K)
 Metaspace       used 40507K, committed 40960K, reserved 1089536K
  class space    used 5573K, committed 5824K, reserved 1048576K
}
Event: 39.841 GC heap after
{Heap after GC invocations=89 (full 0):
 garbage-first heap   total 466944K, used 140288K [0x0000000080000000, 0x0000000100000000)
  region size 1024K, 12 young (12288K), 12 survivors (12288K)
 Metaspace       used 40507K, committed 40960K, reserved 1089536K
  class space    used 5573K, committed 5824K, reserved 1048576K
}
Event: 40.279 GC heap before
{Heap before GC invocations=89 (full 0):
 garbage-first heap   total 466944K, used 407552K [0x0000000080000000, 0x0000000100000000)
  region size 1024K, 273 young (279552K), 12 survivors (12288K)
 Metaspace       used 40507K, committed 40960K, reserved 1089536K
  class space    used 5573K, committed 5824K, reserved 1048576K
}
Event: 40.290 GC heap after
{Heap after GC invocations=90 (full 0):
 garbage-first heap   total 466944K, used 144384K [0x0000000080000000, 0x0000000100000000)
  region size 1024K, 16 young (16384K), 16 survivors (16384K)
 Metaspace       used 40507K, committed 40960K, reserved 1089536K
  class space    used 5573K, committed 5824K, reserved 1048576K
}
Event: 40.788 GC heap before
{Heap before GC invocations=90 (full 0):
 garbage-first heap   total 466944K, used 403456K [0x0000000080000000, 0x0000000100000000)
  region size 1024K, 269 young (275456K), 16 survivors (16384K)
 Metaspace       used 40507K, committed 40960K, reserved 1089536K
  class space    used 5573K, committed 5824K, reserved 1048576K
}
Event: 40.798 GC heap after
{Heap after GC invocations=91 (full 0):
 garbage-first heap   total 466944K, used 148480K [0x0000000080000000, 0x0000000100000000)
  region size 1024K, 20 young (20480K), 20 survivors (20480K)
 Metaspace       used 40507K, committed 40960K, reserved 1089536K
  class space    used 5573K, committed 5824K, reserved 1048576K
}
Event: 41.141 GC heap before
{Heap before GC invocations=91 (full 0):
 garbage-first heap   total 466944K, used 399360K [0x0000000080000000, 0x0000000100000000)
  region size 1024K, 265 young (271360K), 20 survivors (20480K)
 Metaspace       used 40507K, committed 40960K, reserved 1089536K
  class space    used 5573K, committed 5824K, reserved 1048576K
}
Event: 41.154 GC heap after
{Heap after GC invocations=92 (full 0):
 garbage-first heap   total 466944K, used 151477K [0x0000000080000000, 0x0000000100000000)
  region size 1024K, 21 young (21504K), 21 survivors (21504K)
 Metaspace       used 40507K, committed 40960K, reserved 1089536K
  class space    used 5573K, committed 5824K, reserved 1048576K
}
Event: 43.700 GC heap before
{Heap before GC invocations=92 (full 0):
 garbage-first heap   total 466944K, used 419765K [0x0000000080000000, 0x0000000100000000)
  region size 1024K, 262 young (268288K), 21 survivors (21504K)
 Metaspace       used 44480K, committed 44992K, reserved 1089536K
  class space    used 6030K, committed 6272K, reserved 1048576K
}
Event: 43.725 GC heap after
{Heap after GC invocations=93 (full 0):
 garbage-first heap   total 466944K, used 167332K [0x0000000080000000, 0x0000000100000000)
  region size 1024K, 24 young (24576K), 24 survivors (24576K)
 Metaspace       used 44480K, committed 44992K, reserved 1089536K
  class space    used 6030K, committed 6272K, reserved 1048576K
}

