# JRE version: OpenJDK Runtime Environment (17.0.2+8) (build 17.0.2+8-86)
# Java VM: OpenJDK 64-Bit Server VM (17.0.2+8-86, mixed mode, sharing, tiered, compressed oops, compressed class ptrs, g1 gc, windows-amd64)
GC Precious Log:
 CPUs: 4 total, 4 available
 Memory: 8029M
 Large Page Support: Disabled
 NUMA Support: Disabled
 Compressed Oops: Enabled (32-bit)
 Heap Region Size: 1M
 Heap Min Capacity: 8M
 Heap Initial Capacity: 126M
 Heap Max Capacity: 2G
 Pre-touch: Disabled
 Parallel Workers: 4
 Concurrent Workers: 1
 Concurrent Refinement Workers: 4
 Periodic GC: Disabled
Heap:
 garbage-first heap   total 158720K, used 75534K [0x0000000080000000, 0x0000000100000000)
  region size 1024K, 5 young (5120K), 5 survivors (5120K)
 Metaspace       used 40014K, committed 40448K, reserved 1089536K
  class space    used 5522K, committed 5760K, reserved 1048576K
GC Heap History (20 events):
Event: 18.306 GC heap after
{Heap after GC invocations=14 (full 0):
 garbage-first heap   total 129024K, used 64354K [0x0000000080000000, 0x0000000100000000)
  region size 1024K, 2 young (2048K), 2 survivors (2048K)
 Metaspace       used 39688K, committed 40128K, reserved 1089536K
  class space    used 5515K, committed 5760K, reserved 1048576K
}
Event: 18.394 GC heap before
{Heap before GC invocations=15 (full 0):
 garbage-first heap   total 132096K, used 84834K [0x0000000080000000, 0x0000000100000000)
  region size 1024K, 16 young (16384K), 2 survivors (2048K)
 Metaspace       used 39704K, committed 40128K, reserved 1089536K
  class space    used 5518K, committed 5760K, reserved 1048576K
}
Event: 18.398 GC heap after
{Heap after GC invocations=16 (full 0):
 garbage-first heap   total 158720K, used 64251K [0x0000000080000000, 0x0000000100000000)
  region size 1024K, 2 young (2048K), 2 survivors (2048K)
 Metaspace       used 39704K, committed 40128K, reserved 1089536K
  class space    used 5518K, committed 5760K, reserved 1048576K
}
Event: 19.321 GC heap before
{Heap before GC invocations=16 (full 0):
 garbage-first heap   total 158720K, used 132859K [0x0000000080000000, 0x0000000100000000)
  region size 1024K, 63 young (64512K), 2 survivors (2048K)
 Metaspace       used 40003K, committed 40448K, reserved 1089536K
  class space    used 5521K, committed 5760K, reserved 1048576K
}
Event: 19.324 GC heap after
{Heap after GC invocations=17 (full 0):
 garbage-first heap   total 158720K, used 73062K [0x0000000080000000, 0x0000000100000000)
  region size 1024K, 4 young (4096K), 4 survivors (4096K)
 Metaspace       used 40003K, committed 40448K, reserved 1089536K
  class space    used 5521K, committed 5760K, reserved 1048576K
}
Event: 19.977 GC heap before
{Heap before GC invocations=17 (full 0):
 garbage-first heap   total 158720K, used 132454K [0x0000000080000000, 0x0000000100000000)
  region size 1024K, 60 young (61440K), 4 survivors (4096K)
 Metaspace       used 40004K, committed 40448K, reserved 1089536K
  class space    used 5521K, committed 5760K, reserved 1048576K
}
Event: 19.981 GC heap after
{Heap after GC invocations=18 (full 0):
 garbage-first heap   total 158720K, used 72975K [0x0000000080000000, 0x0000000100000000)
  region size 1024K, 4 young (4096K), 4 survivors (4096K)
 Metaspace       used 40004K, committed 40448K, reserved 1089536K
  class space    used 5521K, committed 5760K, reserved 1048576K
}
Event: 20.647 GC heap before
{Heap before GC invocations=18 (full 0):
 garbage-first heap   total 158720K, used 132367K [0x0000000080000000, 0x0000000100000000)
  region size 1024K, 62 young (63488K), 4 survivors (4096K)
 Metaspace       used 40007K, committed 40448K, reserved 1089536K
  class space    used 5521K, committed 5760K, reserved 1048576K
}
Event: 20.653 GC heap after
{Heap after GC invocations=19 (full 0):
 garbage-first heap   total 158720K, used 73318K [0x0000000080000000, 0x0000000100000000)
  region size 1024K, 4 young (4096K), 4 survivors (4096K)
 Metaspace       used 40007K, committed 40448K, reserved 1089536K
  class space    used 5521K, committed 5760K, reserved 1048576K
}
Event: 21.008 GC heap before
{Heap before GC invocations=19 (full 0):
 garbage-first heap   total 158720K, used 132710K [0x0000000080000000, 0x0000000100000000)
  region size 1024K, 63 young (64512K), 4 survivors (4096K)
 Metaspace       used 40007K, committed 40448K, reserved 1089536K
  class space    used 5521K, committed 5760K, reserved 1048576K
}
Event: 21.012 GC heap after
{Heap after GC invocations=20 (full 0):
 garbage-first heap   total 158720K, used 73570K [0x0000000080000000, 0x0000000100000000)
  region size 1024K, 4 young (4096K), 4 survivors (4096K)
 Metaspace       used 40007K, committed 40448K, reserved 1089536K
  class space    used 5521K, committed 5760K, reserved 1048576K
}
Event: 21.429 GC heap before
{Heap before GC invocations=20 (full 0):
 garbage-first heap   total 158720K, used 135010K [0x0000000080000000, 0x0000000100000000)
  region size 1024K, 64 young (65536K), 4 survivors (4096K)
 Metaspace       used 40012K, committed 40448K, reserved 1089536K
  class space    used 5522K, committed 5760K, reserved 1048576K
}
Event: 21.433 GC heap after
{Heap after GC invocations=21 (full 0):
 garbage-first heap   total 158720K, used 74331K [0x0000000080000000, 0x0000000100000000)
  region size 1024K, 5 young (5120K), 5 survivors (5120K)
 Metaspace       used 40012K, committed 40448K, reserved 1089536K
  class space    used 5522K, committed 5760K, reserved 1048576K
}
Event: 21.816 GC heap before
{Heap before GC invocations=21 (full 0):
 garbage-first heap   total 158720K, used 135771K [0x0000000080000000, 0x0000000100000000)
  region size 1024K, 65 young (66560K), 5 survivors (5120K)
 Metaspace       used 40013K, committed 40448K, reserved 1089536K
  class space    used 5522K, committed 5760K, reserved 1048576K
}
Event: 21.822 GC heap after
{Heap after GC invocations=22 (full 0):
 garbage-first heap   total 158720K, used 74594K [0x0000000080000000, 0x0000000100000000)
  region size 1024K, 5 young (5120K), 5 survivors (5120K)
 Metaspace       used 40013K, committed 40448K, reserved 1089536K
  class space    used 5522K, committed 5760K, reserved 1048576K
}
Event: 22.212 GC heap before
{Heap before GC invocations=22 (full 0):
 garbage-first heap   total 158720K, used 137058K [0x0000000080000000, 0x0000000100000000)
  region size 1024K, 66 young (67584K), 5 survivors (5120K)
 Metaspace       used 40013K, committed 40448K, reserved 1089536K
  class space    used 5522K, committed 5760K, reserved 1048576K
}
Event: 22.216 GC heap after
{Heap after GC invocations=23 (full 0):
 garbage-first heap   total 158720K, used 74767K [0x0000000080000000, 0x0000000100000000)
  region size 1024K, 6 young (6144K), 6 survivors (6144K)
 Metaspace       used 40013K, committed 40448K, reserved 1089536K
  class space    used 5522K, committed 5760K, reserved 1048576K
}
Event: 22.417 GC heap before
{Heap before GC invocations=23 (full 0):
 garbage-first heap   total 158720K, used 135183K [0x0000000080000000, 0x0000000100000000)
  region size 1024K, 65 young (66560K), 6 survivors (6144K)
 Metaspace       used 40014K, committed 40448K, reserved 1089536K
  class space    used 5522K, committed 5760K, reserved 1048576K
}
Event: 22.425 GC heap after
{Heap after GC invocations=24 (full 0):
 garbage-first heap   total 158720K, used 74995K [0x0000000080000000, 0x0000000100000000)
  region size 1024K, 4 young (4096K), 4 survivors (4096K)
 Metaspace       used 40014K, committed 40448K, reserved 1089536K
  class space    used 5522K, committed 5760K, reserved 1048576K
}
Event: 22.455 GC heap before
{Heap before GC invocations=24 (full 0):
 garbage-first heap   total 158720K, used 90355K [0x0000000080000000, 0x0000000100000000)
  region size 1024K, 20 young (20480K), 4 survivors (4096K)
 Metaspace       used 40014K, committed 40448K, reserved 1089536K
  class space    used 5522K, committed 5760K, reserved 1048576K
}

